
INFO: 769723764 - Christian - Pesquisa manga: solo
INFO: 769723764 - Christian - Manga escolhido: Solo Leveling
INFO: 769723764 - Christian - Download manga: Solo Leveling, capitulos 183 em mangayabu
INFO: 769723764 - Christian - Download manga: Solo Leveling, capitulos 183.0-183.0 em mangayabu
INFO: 769723764 - Christian - Arquivo enviado Solo Leveling_capitulo_183.0-183.0_Download/769723764/Solo_Leveling_capitulo_183.0-183.0_parte_0.cbr.cbr
INFO: 81037149 - 👑ℳҽԋરɳΟοsみ🐣🍓 - Pesquisa manga: https://www.instagram.com/reel/cok0lnwua9l/?igshid=ymmymta2m2y=
ERRO: 81037149 - 👑ℳҽԋરɳΟοsみ🐣🍓 - Manga não encontrado: https://www.instagram.com/reel/cok0lnwua9l/?igshid=ymmymta2m2y=
INFO: 273634044 - M.h.dorahaki - Pesquisa manga: berserk
INFO: 273634044 - M.h.dorahaki - Manga escolhido: Berserk
INFO: 273634044 - M.h.dorahaki - Download manga: Berserk, capitulos 325 em mangayabu
INFO: 273634044 - M.h.dorahaki - Download manga: Berserk, capitulos 325.0-325.0 em mangayabu
INFO: 273634044 - M.h.dorahaki - Arquivo enviado Berserk_capitulo_325.0-325.0_Download/273634044/Berserk_capitulo_325.0-325.0_parte_0.cbr.cbr
INFO: 5393464211 - ⁷Seven - Pesquisa manga: haou airen
ERRO: 5393464211 - ⁷Seven - Manga não encontrado: haou airen
INFO: 1900642679 - Yuvraj - Pesquisa manga: naruto
INFO: 1987684128 - Lucas Cesar - Pesquisa manga: jujutsu
INFO: 1987684128 - Lucas Cesar - Manga escolhido: Jujutsu Kaisen
INFO: 2004099512 - Marcos - Pesquisa manga: tales of demons and gods
INFO: 2004099512 - Marcos - Manga escolhido: Tales of Demons and Gods
INFO: 2004099512 - Marcos - Download manga: Tales of Demons and Gods, capitulos 41-50 em muito manga
INFO: 2004099512 - Marcos - Download manga: Tales of Demons and Gods, capitulos 41.0-50.0 em muito manga
INFO: 2004099512 - Marcos - Arquivo enviado Tales of Demons and Gods_capitulo_41.0-50.0_Download/2004099512/Tales_of_Demons_and_Gods_capitulo_41.0-50.0_parte_0.cbr.cbr
INFO: 2004099512 - Marcos - Pesquisa manga: tales of demons and gods
INFO: 2004099512 - Marcos - Manga escolhido: Tales of Demons and Gods
INFO: 2004099512 - Marcos - Download manga: Tales of Demons and Gods, capitulos 51-60 em muito manga
INFO: 2004099512 - Marcos - Download manga: Tales of Demons and Gods, capitulos 51.0-60.0 em muito manga
INFO: 2004099512 - Marcos - Arquivo enviado Tales of Demons and Gods_capitulo_51.0-60.0_Download/2004099512/Tales_of_Demons_and_Gods_capitulo_51.0-60.0_parte_0.cbr.cbr
INFO: 2004099512 - Marcos - Pesquisa manga: tales of demons and gods
INFO: 2004099512 - Marcos - Manga escolhido: Tales of Demons and Gods
INFO: 2004099512 - Marcos - Download manga: Tales of Demons and Gods, capitulos 61-70 em muito manga
INFO: 2004099512 - Marcos - Download manga: Tales of Demons and Gods, capitulos 61.0-70.0 em muito manga
INFO: 2004099512 - Marcos - Arquivo enviado Tales of Demons and Gods_capitulo_61.0-70.0_Download/2004099512/Tales_of_Demons_and_Gods_capitulo_61.0-70.0_parte_0.cbr.cbr
INFO: 2004099512 - Marcos - Pesquisa manga: tales of demons and gods
INFO: 2004099512 - Marcos - Manga escolhido: Tales of Demons and Gods
INFO: 2004099512 - Marcos - Download manga: Tales of Demons and Gods, capitulos 71-80 em muito manga
INFO: 2004099512 - Marcos - Download manga: Tales of Demons and Gods, capitulos 71.0-80.0 em muito manga
INFO: 2004099512 - Marcos - Arquivo enviado Tales of Demons and Gods_capitulo_71.0-80.0_Download/2004099512/Tales_of_Demons_and_Gods_capitulo_71.0-80.0_parte_0.cbr.cbr
INFO: 5302932981 - José Hugo - Pesquisa manga: jibaku shounen hanako kun
ERRO: 5302932981 - José Hugo - Manga não encontrado: jibaku shounen hanako kun
INFO: 5302932981 - José Hugo - Pesquisa manga: toilet bundle hanako kun
ERRO: 5302932981 - José Hugo - Manga não encontrado: toilet bundle hanako kun
INFO: 5360408602 - Ewerton - Pesquisa manga: one punch man
INFO: 5360408602 - Ewerton - Manga escolhido: One Punch Man (Webcomic)
INFO: 5360408602 - Ewerton - Download manga: One Punch Man (Webcomic), capitulos 1-10 em muito manga
INFO: 5360408602 - Ewerton - Download manga: One Punch Man (Webcomic), capitulos 1.0-10.0 em muito manga
INFO: 5360408602 - Ewerton - Arquivo enviado One Punch Man (Webcomic)_capitulo_1.0-10.0_Download/5360408602/One_Punch_Man_(Webcomic)_capitulo_1.0-10.0_parte_0.cbr.cbr
INFO: 2004099512 - Marcos - Pesquisa manga: tales of demons and gods
INFO: 2004099512 - Marcos - Manga escolhido: Tales of Demons and Gods
INFO: 2004099512 - Marcos - Download manga: Tales of Demons and Gods, capitulos 81-90 em muito manga
INFO: 2004099512 - Marcos - Download manga: Tales of Demons and Gods, capitulos 81.0-90.0 em muito manga
INFO: 2004099512 - Marcos - Arquivo enviado Tales of Demons and Gods_capitulo_81.0-90.0_Download/2004099512/Tales_of_Demons_and_Gods_capitulo_81.0-90.0_parte_0.cbr.cbr
INFO: 2004099512 - Marcos - Pesquisa manga: tales of demons and gods
INFO: 2004099512 - Marcos - Manga escolhido: Tales of Demons and Gods
INFO: 2004099512 - Marcos - Download manga: Tales of Demons and Gods, capitulos 91-100 em muito manga
INFO: 2004099512 - Marcos - Download manga: Tales of Demons and Gods, capitulos 91.0-100.0 em muito manga
INFO: 2004099512 - Marcos - Arquivo enviado Tales of Demons and Gods_capitulo_91.0-100.0_Download/2004099512/Tales_of_Demons_and_Gods_capitulo_91.0-100.0_parte_0.cbr.cbr
INFO: 2004099512 - Marcos - Pesquisa manga: tales of demons and gods
INFO: 2004099512 - Marcos - Manga escolhido: Tales of Demons and Gods
INFO: 2004099512 - Marcos - Download manga: Tales of Demons and Gods, capitulos 101-110 em muito manga
INFO: 2004099512 - Marcos - Download manga: Tales of Demons and Gods, capitulos 101.0-110.0 em muito manga
INFO: 2004099512 - Marcos - Arquivo enviado Tales of Demons and Gods_capitulo_101.0-110.0_Download/2004099512/Tales_of_Demons_and_Gods_capitulo_101.0-110.0_parte_0.cbr.cbr
INFO: 5538478146 - Neg - Pesquisa manga: https://kupdf.net/queue/1000-deutsche-redensarten_59d6152e08bbc58974686f4c_pdf?queue_id=-1&x=1675813871&z=my44my40ni4xndm=
ERRO: 5538478146 - Neg - Manga não encontrado: https://kupdf.net/queue/1000-deutsche-redensarten_59d6152e08bbc58974686f4c_pdf?queue_id=-1&x=1675813871&z=my44my40ni4xndm=
INFO: 2004099512 - Marcos - Pesquisa manga: tales of demons and gods
INFO: 2004099512 - Marcos - Manga escolhido: Tales of Demons and Gods
INFO: 2004099512 - Marcos - Download manga: Tales of Demons and Gods, capitulos 111-120 em muito manga
INFO: 2004099512 - Marcos - Download manga: Tales of Demons and Gods, capitulos 111.0-120.0 em muito manga
INFO: 2004099512 - Marcos - Arquivo enviado Tales of Demons and Gods_capitulo_111.0-120.0_Download/2004099512/Tales_of_Demons_and_Gods_capitulo_111.0-120.0_parte_0.cbr.cbr
INFO: 1787123092 - ... - Pesquisa manga: player
INFO: 1787123092 - ... - Manga escolhido: Player
INFO: 1787123092 - ... - Download manga: Player, capitulos 110-119 em muito manga
INFO: 1787123092 - ... - Download manga: Player, capitulos 110.0-119.0 em muito manga
INFO: 1787123092 - ... - Arquivo enviado Player_capitulo_110.0-119.0_Download/1787123092/Player_capitulo_110.0-119.0_parte_1.cbr.cbr
INFO: 2004099512 - Marcos - Pesquisa manga: tales of demons and gods
INFO: 2004099512 - Marcos - Manga escolhido: Tales of Demons and Gods
INFO: 2004099512 - Marcos - Download manga: Tales of Demons and Gods, capitulos 121-130 em muito manga
INFO: 2004099512 - Marcos - Download manga: Tales of Demons and Gods, capitulos 121.0-130.0 em muito manga
INFO: 2004099512 - Marcos - Arquivo enviado Tales of Demons and Gods_capitulo_121.0-130.0_Download/2004099512/Tales_of_Demons_and_Gods_capitulo_121.0-130.0_parte_0.cbr.cbr
INFO: 2004099512 - Marcos - Pesquisa manga: tales of demons and gods
INFO: 2004099512 - Marcos - Manga escolhido: Tales of Demons and Gods
INFO: 2004099512 - Marcos - Download manga: Tales of Demons and Gods, capitulos 131-136.5 em muito manga
INFO: 2004099512 - Marcos - Download manga: Tales of Demons and Gods, capitulos 131.0-136.5 em muito manga
INFO: 2004099512 - Marcos - Arquivo enviado Tales of Demons and Gods_capitulo_131.0-136.5_Download/2004099512/Tales_of_Demons_and_Gods_capitulo_131.0-136.5_parte_0.cbr.cbr
INFO: 2004099512 - Marcos - Pesquisa manga: tales of demons and gods
INFO: 2004099512 - Marcos - Manga escolhido: Tales of Demons and Gods
INFO: 2004099512 - Marcos - Download manga: Tales of Demons and Gods, capitulos 137-141.5 em muito manga
INFO: 2004099512 - Marcos - Download manga: Tales of Demons and Gods, capitulos 137.0-141.5 em muito manga
INFO: 2004099512 - Marcos - Arquivo enviado Tales of Demons and Gods_capitulo_137.0-141.5_Download/2004099512/Tales_of_Demons_and_Gods_capitulo_137.0-141.5_parte_0.cbr.cbr
INFO: 2004099512 - Marcos - Pesquisa manga: tales of demons and gods
INFO: 2004099512 - Marcos - Manga escolhido: Tales of Demons and Gods
INFO: 2004099512 - Marcos - Download manga: Tales of Demons and Gods, capitulos 142-146.5 em muito manga
INFO: 2004099512 - Marcos - Download manga: Tales of Demons and Gods, capitulos 142.0-146.5 em muito manga
INFO: 2004099512 - Marcos - Arquivo enviado Tales of Demons and Gods_capitulo_142.0-146.5_Download/2004099512/Tales_of_Demons_and_Gods_capitulo_142.0-146.5_parte_0.cbr.cbr
INFO: 2004099512 - Marcos - Pesquisa manga: tales of demons and gods
INFO: 2004099512 - Marcos - Manga escolhido: Tales of Demons and Gods
INFO: 2004099512 - Marcos - Download manga: Tales of Demons and Gods, capitulos 147-151.5 em muito manga
INFO: 2004099512 - Marcos - Download manga: Tales of Demons and Gods, capitulos 147.0-151.5 em muito manga
INFO: 2004099512 - Marcos - Arquivo enviado Tales of Demons and Gods_capitulo_147.0-151.5_Download/2004099512/Tales_of_Demons_and_Gods_capitulo_147.0-151.5_parte_0.cbr.cbr
INFO: 2004099512 - Marcos - Pesquisa manga: tales of demons and gods
INFO: 2004099512 - Marcos - Manga escolhido: Tales of Demons and Gods
INFO: 2004099512 - Marcos - Download manga: Tales of Demons and Gods, capitulos 152-156.5 em muito manga
INFO: 2004099512 - Marcos - Download manga: Tales of Demons and Gods, capitulos 152.0-156.5 em muito manga
INFO: 2004099512 - Marcos - Arquivo enviado Tales of Demons and Gods_capitulo_152.0-156.5_Download/2004099512/Tales_of_Demons_and_Gods_capitulo_152.0-156.5_parte_0.cbr.cbr
INFO: 2004099512 - Marcos - Pesquisa manga: tales of demons and gods
INFO: 2004099512 - Marcos - Manga escolhido: Tales of Demons and Gods
INFO: 2004099512 - Marcos - Download manga: Tales of Demons and Gods, capitulos 157-161.5 em muito manga
INFO: 2004099512 - Marcos - Download manga: Tales of Demons and Gods, capitulos 157.0-161.5 em muito manga
INFO: 2004099512 - Marcos - Arquivo enviado Tales of Demons and Gods_capitulo_157.0-161.5_Download/2004099512/Tales_of_Demons_and_Gods_capitulo_157.0-161.5_parte_0.cbr.cbr
INFO: 2004099512 - Marcos - Pesquisa manga: tales of demons and gods
INFO: 2004099512 - Marcos - Manga escolhido: Tales of Demons and Gods
INFO: 2004099512 - Marcos - Download manga: Tales of Demons and Gods, capitulos 162-166.5 em muito manga
INFO: 2004099512 - Marcos - Download manga: Tales of Demons and Gods, capitulos 162.0-166.5 em muito manga
INFO: 2004099512 - Marcos - Arquivo enviado Tales of Demons and Gods_capitulo_162.0-166.5_Download/2004099512/Tales_of_Demons_and_Gods_capitulo_162.0-166.5_parte_0.cbr.cbr
INFO: 2004099512 - Marcos - Pesquisa manga: tales of demons and gods
INFO: 2004099512 - Marcos - Manga escolhido: Tales of Demons and Gods
INFO: 2004099512 - Marcos - Download manga: Tales of Demons and Gods, capitulos 167-171.5 em muito manga
INFO: 2004099512 - Marcos - Download manga: Tales of Demons and Gods, capitulos 167.0-171.5 em muito manga
INFO: 2004099512 - Marcos - Arquivo enviado Tales of Demons and Gods_capitulo_167.0-171.5_Download/2004099512/Tales_of_Demons_and_Gods_capitulo_167.0-171.5_parte_0.cbr.cbr
INFO: 2004099512 - Marcos - Pesquisa manga: tales of demons and gods
INFO: 2004099512 - Marcos - Manga escolhido: Tales of Demons and Gods
INFO: 2004099512 - Marcos - Download manga: Tales of Demons and Gods, capitulos /baixar em muito manga
INFO: 2004099512 - Marcos - Pesquisa manga: tales of demons and gods
INFO: 2004099512 - Marcos - Manga escolhido: Tales of Demons and Gods
INFO: 2004099512 - Marcos - Download manga: Tales of Demons and Gods, capitulos 172-178 em muito manga
INFO: 2004099512 - Marcos - Download manga: Tales of Demons and Gods, capitulos 172.0-178.0 em muito manga
INFO: 2004099512 - Marcos - Arquivo enviado Tales of Demons and Gods_capitulo_172.0-178.0_Download/2004099512/Tales_of_Demons_and_Gods_capitulo_172.0-178.0_parte_0.cbr.cbr
INFO: 2004099512 - Marcos - Pesquisa manga: tales of demons and gods
INFO: 2004099512 - Marcos - Manga escolhido: Tales of Demons and Gods
INFO: 2004099512 - Marcos - Download manga: Tales of Demons and Gods, capitulos 178.5-183 em muito manga
INFO: 2004099512 - Marcos - Download manga: Tales of Demons and Gods, capitulos 178.5-183.0 em muito manga
INFO: 2004099512 - Marcos - Arquivo enviado Tales of Demons and Gods_capitulo_178.5-183.0_Download/2004099512/Tales_of_Demons_and_Gods_capitulo_178.5-183.0_parte_0.cbr.cbr
INFO: 1488628327 - Matheus - Pesquisa manga: berserk
INFO: 1488628327 - Matheus - Manga escolhido: Berserk
INFO: 769723764 - Christian - Pesquisa manga: solo lev
INFO: 769723764 - Christian - Manga escolhido: Solo Leveling
INFO: 769723764 - Christian - Download manga: Solo Leveling, capitulos 184 em mangayabu
INFO: 769723764 - Christian - Download manga: Solo Leveling, capitulos 184.0-184.0 em mangayabu
INFO: 769723764 - Christian - Arquivo enviado Solo Leveling_capitulo_184.0-184.0_Download/769723764/Solo_Leveling_capitulo_184.0-184.0_parte_0.cbr.cbr
INFO: 2004099512 - Marcos - Pesquisa manga: tales of demons and gods
INFO: 2004099512 - Marcos - Manga escolhido: Tales of Demons and Gods
INFO: 2004099512 - Marcos - Download manga: Tales of Demons and Gods, capitulos 183.5-189 em muito manga
INFO: 2004099512 - Marcos - Download manga: Tales of Demons and Gods, capitulos 183.5-189.0 em muito manga
INFO: 2004099512 - Marcos - Arquivo enviado Tales of Demons and Gods_capitulo_183.5-189.0_Download/2004099512/Tales_of_Demons_and_Gods_capitulo_183.5-189.0_parte_0.cbr.cbr
INFO: 2004099512 - Marcos - Pesquisa manga: /baixar
INFO: 2004099512 - Marcos - Pesquisa manga: tales of demons and gods
INFO: 2004099512 - Marcos - Manga escolhido: Tales of Demons and Gods
INFO: 2004099512 - Marcos - Manga escolhido: Tales of Demons and Gods
INFO: 2004099512 - Marcos - Download manga: Tales of Demons and Gods, capitulos 189.5-194 em muito manga
INFO: 2004099512 - Marcos - Download manga: Tales of Demons and Gods, capitulos 189.5-194.0 em muito manga
INFO: 2004099512 - Marcos - Download manga: Tales of Demons and Gods, capitulos 189.5-194 em muito manga
INFO: 2004099512 - Marcos - Download manga: Tales of Demons and Gods, capitulos 189.5-194.0 em muito manga
INFO: 2004099512 - Marcos - Arquivo enviado Tales of Demons and Gods_capitulo_189.5-194.0_Download/2004099512/Tales_of_Demons_and_Gods_capitulo_189.5-194.0_parte_0.cbr.cbr
INFO: 2004099512 - Marcos - Arquivo enviado Tales of Demons and Gods_capitulo_189.5-194.0_Download/2004099512/Tales_of_Demons_and_Gods_capitulo_189.5-194.0_parte_0.cbr.cbr
INFO: 2004099512 - Marcos - Pesquisa manga: tales of demons and gods
INFO: 2004099512 - Marcos - Manga escolhido: Tales of Demons and Gods
INFO: 2004099512 - Marcos - Download manga: Tales of Demons and Gods, capitulos 194.5-199 em muito manga
INFO: 2004099512 - Marcos - Download manga: Tales of Demons and Gods, capitulos 194.5-199.0 em muito manga
INFO: 2004099512 - Marcos - Arquivo enviado Tales of Demons and Gods_capitulo_194.5-199.0_Download/2004099512/Tales_of_Demons_and_Gods_capitulo_194.5-199.0_parte_0.cbr.cbr
INFO: 769723764 - Christian - Pesquisa manga: mashle
INFO: 769723764 - Christian - Manga escolhido: Mashle
INFO: 769723764 - Christian - Download manga: Mashle, capitulos /buscar em mangayabu
INFO: 769723764 - Christian - Pesquisa manga: mashle
INFO: 769723764 - Christian - Manga escolhido: Mashle Magic and Muscles
INFO: 769723764 - Christian - Download manga: Mashle Magic and Muscles, capitulos 142 em scanlator
INFO: 769723764 - Christian - Download manga: Mashle Magic and Muscles, capitulos 142.0-142.0 em scanlator
INFO: 769723764 - Christian - Arquivo enviado Mashle Magic and Muscles_capitulo_142.0-142.0_Download/769723764/Mashle_Magic_and_Muscles_capitulo_142.0-142.0_parte_1.cbr.cbr
INFO: 769723764 - Christian - Pesquisa manga: mashle
INFO: 769723764 - Christian - Manga escolhido: Mashle Magic and Muscles
INFO: 769723764 - Christian - Download manga: Mashle Magic and Muscles, capitulos 141-142 em scanlator
INFO: 769723764 - Christian - Download manga: Mashle Magic and Muscles, capitulos 141.0-142.0 em scanlator
INFO: 769723764 - Christian - Arquivo enviado Mashle Magic and Muscles_capitulo_141.0-142.0_Download/769723764/Mashle_Magic_and_Muscles_capitulo_141.0-142.0_parte_2.cbr.cbr
INFO: 2004099512 - Marcos - Pesquisa manga: tales of demons and gods
INFO: 2004099512 - Marcos - Manga escolhido: Tales of Demons and Gods
INFO: 2004099512 - Marcos - Download manga: Tales of Demons and Gods, capitulos 199.5-204 em muito manga
INFO: 2004099512 - Marcos - Download manga: Tales of Demons and Gods, capitulos 199.5-204.0 em muito manga
INFO: 2004099512 - Marcos - Arquivo enviado Tales of Demons and Gods_capitulo_199.5-204.0_Download/2004099512/Tales_of_Demons_and_Gods_capitulo_199.5-204.0_parte_0.cbr.cbr
INFO: 2004099512 - Marcos - Pesquisa manga: tales of demons and gods
INFO: 2004099512 - Marcos - Manga escolhido: Tales of Demons and Gods
INFO: 2004099512 - Marcos - Download manga: Tales of Demons and Gods, capitulos 204.5-209 em muito manga
INFO: 2004099512 - Marcos - Download manga: Tales of Demons and Gods, capitulos 204.5-209.0 em muito manga
INFO: 2004099512 - Marcos - Arquivo enviado Tales of Demons and Gods_capitulo_204.5-209.0_Download/2004099512/Tales_of_Demons_and_Gods_capitulo_204.5-209.0_parte_0.cbr.cbr
INFO: 2004099512 - Marcos - Pesquisa manga: tales of demons and gods
INFO: 2004099512 - Marcos - Manga escolhido: Tales of Demons and Gods
INFO: 2004099512 - Marcos - Download manga: Tales of Demons and Gods, capitulos 209.5-214 em muito manga
INFO: 2004099512 - Marcos - Download manga: Tales of Demons and Gods, capitulos 209.5-214.0 em muito manga
INFO: 2004099512 - Marcos - Arquivo enviado Tales of Demons and Gods_capitulo_209.5-214.0_Download/2004099512/Tales_of_Demons_and_Gods_capitulo_209.5-214.0_parte_0.cbr.cbr
INFO: 2004099512 - Marcos - Pesquisa manga: tales of demons and gods
INFO: 2004099512 - Marcos - Manga escolhido: Tales of Demons and Gods
INFO: 2004099512 - Marcos - Download manga: Tales of Demons and Gods, capitulos 214.5-218.5 em muito manga
INFO: 2004099512 - Marcos - Download manga: Tales of Demons and Gods, capitulos 214.5-218.5 em muito manga
INFO: 2004099512 - Marcos - Arquivo enviado Tales of Demons and Gods_capitulo_214.5-218.5_Download/2004099512/Tales_of_Demons_and_Gods_capitulo_214.5-218.5_parte_0.cbr.cbr
INFO: 2004099512 - Marcos - Pesquisa manga: tales of demons and gods
INFO: 2004099512 - Marcos - Manga escolhido: Tales of Demons and Gods
INFO: 2004099512 - Marcos - Download manga: Tales of Demons and Gods, capitulos 219-223.5 em muito manga
INFO: 2004099512 - Marcos - Download manga: Tales of Demons and Gods, capitulos 219.0-223.5 em muito manga
INFO: 2004099512 - Marcos - Arquivo enviado Tales of Demons and Gods_capitulo_219.0-223.5_Download/2004099512/Tales_of_Demons_and_Gods_capitulo_219.0-223.5_parte_0.cbr.cbr
INFO: 2004099512 - Marcos - Pesquisa manga: tales of demons and gods
INFO: 2004099512 - Marcos - Manga escolhido: Tales of Demons and Gods
INFO: 2004099512 - Marcos - Download manga: Tales of Demons and Gods, capitulos 224-228.5 em muito manga
INFO: 2004099512 - Marcos - Download manga: Tales of Demons and Gods, capitulos 224.0-228.5 em muito manga
INFO: 2004099512 - Marcos - Arquivo enviado Tales of Demons and Gods_capitulo_224.0-228.5_Download/2004099512/Tales_of_Demons_and_Gods_capitulo_224.0-228.5_parte_0.cbr.cbr
INFO: 2004099512 - Marcos - Pesquisa manga: tales of demons and gods
INFO: 2004099512 - Marcos - Manga escolhido: Tales of Demons and Gods
INFO: 2004099512 - Marcos - Download manga: Tales of Demons and Gods, capitulos 229-233.5 em muito manga
INFO: 2004099512 - Marcos - Download manga: Tales of Demons and Gods, capitulos 229.0-233.5 em muito manga
INFO: 2004099512 - Marcos - Arquivo enviado Tales of Demons and Gods_capitulo_229.0-233.5_Download/2004099512/Tales_of_Demons_and_Gods_capitulo_229.0-233.5_parte_0.cbr.cbr
INFO: 2004099512 - Marcos - Pesquisa manga: tales of demons and gods
INFO: 2004099512 - Marcos - Manga escolhido: Tales of Demons and Gods
INFO: 2004099512 - Marcos - Download manga: Tales of Demons and Gods, capitulos 234-238.5 em muito manga
INFO: 2004099512 - Marcos - Download manga: Tales of Demons and Gods, capitulos 234.0-238.5 em muito manga
INFO: 2004099512 - Marcos - Arquivo enviado Tales of Demons and Gods_capitulo_234.0-238.5_Download/2004099512/Tales_of_Demons_and_Gods_capitulo_234.0-238.5_parte_0.cbr.cbr
INFO: 769723764 - Christian - Pesquisa manga: one punch
INFO: 769723764 - Christian - Manga escolhido: One Punch-Man
INFO: 769723764 - Christian - Download manga: One Punch-Man, capitulos 214 em mangayabu
INFO: 769723764 - Christian - Download manga: One Punch-Man, capitulos 214.0-214.0 em mangayabu
INFO: 769723764 - Christian - Arquivo enviado One Punch-Man_capitulo_214.0-214.0_Download/769723764/One_Punch-Man_capitulo_214.0-214.0_parte_0.cbr.cbr
INFO: 2004099512 - Marcos - Pesquisa manga: tales of demons and gods
INFO: 2004099512 - Marcos - Manga escolhido: Tales of Demons and Gods
INFO: 2004099512 - Marcos - Download manga: Tales of Demons and Gods, capitulos 239-243.5 em muito manga
INFO: 2004099512 - Marcos - Download manga: Tales of Demons and Gods, capitulos 239.0-243.5 em muito manga
INFO: 2004099512 - Marcos - Arquivo enviado Tales of Demons and Gods_capitulo_239.0-243.5_Download/2004099512/Tales_of_Demons_and_Gods_capitulo_239.0-243.5_parte_0.cbr.cbr
INFO: 2004099512 - Marcos - Pesquisa manga: tales of demons and gods
INFO: 2004099512 - Marcos - Manga escolhido: Tales of Demons and Gods
INFO: 2004099512 - Marcos - Download manga: Tales of Demons and Gods, capitulos 244-248.5 em muito manga
INFO: 2004099512 - Marcos - Download manga: Tales of Demons and Gods, capitulos 244.0-248.5 em muito manga
INFO: 2004099512 - Marcos - Arquivo enviado Tales of Demons and Gods_capitulo_244.0-248.5_Download/2004099512/Tales_of_Demons_and_Gods_capitulo_244.0-248.5_parte_0.cbr.cbr
INFO: 1787123092 - ... - Pesquisa manga: player
INFO: 1787123092 - ... - Manga escolhido: Player
INFO: 1787123092 - ... - Download manga: Player, capitulos 120-129 em muito manga
INFO: 1787123092 - ... - Download manga: Player, capitulos 120.0-129.0 em muito manga
INFO: 1787123092 - ... - Arquivo enviado Player_capitulo_120.0-129.0_Download/1787123092/Player_capitulo_120.0-129.0_parte_2.cbr.cbr
INFO: 2004099512 - Marcos - Pesquisa manga: tales of demons and gods
INFO: 2004099512 - Marcos - Manga escolhido: Tales of Demons and Gods
INFO: 2004099512 - Marcos - Download manga: Tales of Demons and Gods, capitulos 249-253.5 em muito manga
INFO: 2004099512 - Marcos - Download manga: Tales of Demons and Gods, capitulos 249.0-253.5 em muito manga
INFO: 2004099512 - Marcos - Arquivo enviado Tales of Demons and Gods_capitulo_249.0-253.5_Download/2004099512/Tales_of_Demons_and_Gods_capitulo_249.0-253.5_parte_0.cbr.cbr
INFO: 2004099512 - Marcos - Pesquisa manga: tales of demons and gods
INFO: 2004099512 - Marcos - Manga escolhido: Tales of Demons and Gods
INFO: 2004099512 - Marcos - Download manga: Tales of Demons and Gods, capitulos 254-258.5 em muito manga
INFO: 2004099512 - Marcos - Download manga: Tales of Demons and Gods, capitulos 254.0-258.5 em muito manga
INFO: 2004099512 - Marcos - Arquivo enviado Tales of Demons and Gods_capitulo_254.0-258.5_Download/2004099512/Tales_of_Demons_and_Gods_capitulo_254.0-258.5_parte_0.cbr.cbr
INFO: 2004099512 - Marcos - Pesquisa manga: tales of demons and gods
INFO: 2004099512 - Marcos - Manga escolhido: Tales of Demons and Gods
INFO: 2004099512 - Marcos - Download manga: Tales of Demons and Gods, capitulos 259-263.5 em muito manga
INFO: 2004099512 - Marcos - Download manga: Tales of Demons and Gods, capitulos 259.0-263.5 em muito manga
INFO: 2004099512 - Marcos - Arquivo enviado Tales of Demons and Gods_capitulo_259.0-263.5_Download/2004099512/Tales_of_Demons_and_Gods_capitulo_259.0-263.5_parte_0.cbr.cbr
INFO: 2004099512 - Marcos - Pesquisa manga: tales of demons and gods
INFO: 2004099512 - Marcos - Manga escolhido: Tales of Demons and Gods
INFO: 2004099512 - Marcos - Download manga: Tales of Demons and Gods, capitulos 264-268.5 em muito manga
INFO: 2004099512 - Marcos - Download manga: Tales of Demons and Gods, capitulos 264.0-268.5 em muito manga
INFO: 2004099512 - Marcos - Arquivo enviado Tales of Demons and Gods_capitulo_264.0-268.5_Download/2004099512/Tales_of_Demons_and_Gods_capitulo_264.0-268.5_parte_0.cbr.cbr
INFO: 2004099512 - Marcos - Pesquisa manga: tales of demons and gods
INFO: 2004099512 - Marcos - Manga escolhido: Tales of Demons and Gods
INFO: 2004099512 - Marcos - Download manga: Tales of Demons and Gods, capitulos 269-273.5 em muito manga
INFO: 2004099512 - Marcos - Download manga: Tales of Demons and Gods, capitulos 269.0-273.5 em muito manga
INFO: 2004099512 - Marcos - Arquivo enviado Tales of Demons and Gods_capitulo_269.0-273.5_Download/2004099512/Tales_of_Demons_and_Gods_capitulo_269.0-273.5_parte_0.cbr.cbr
INFO: 2004099512 - Marcos - Pesquisa manga: tales of demons and gods
INFO: 2004099512 - Marcos - Manga escolhido: Tales of Demons and Gods
INFO: 2004099512 - Marcos - Download manga: Tales of Demons and Gods, capitulos 274-278.5 em muito manga
INFO: 2004099512 - Marcos - Download manga: Tales of Demons and Gods, capitulos 274.0-278.5 em muito manga
INFO: 2004099512 - Marcos - Arquivo enviado Tales of Demons and Gods_capitulo_274.0-278.5_Download/2004099512/Tales_of_Demons_and_Gods_capitulo_274.0-278.5_parte_0.cbr.cbr
INFO: 2004099512 - Marcos - Pesquisa manga: tales of demons and gods
INFO: 2004099512 - Marcos - Manga escolhido: Tales of Demons and Gods
INFO: 2004099512 - Marcos - Download manga: Tales of Demons and Gods, capitulos 279-283.5 em muito manga
INFO: 2004099512 - Marcos - Download manga: Tales of Demons and Gods, capitulos 279.0-283.5 em muito manga
INFO: 2004099512 - Marcos - Arquivo enviado Tales of Demons and Gods_capitulo_279.0-283.5_Download/2004099512/Tales_of_Demons_and_Gods_capitulo_279.0-283.5_parte_0.cbr.cbr
INFO: 2004099512 - Marcos - Pesquisa manga: tales of demons and gods
INFO: 2004099512 - Marcos - Manga escolhido: Tales of Demons and Gods
INFO: 2004099512 - Marcos - Download manga: Tales of Demons and Gods, capitulos 284-288.5 em muito manga
INFO: 2004099512 - Marcos - Download manga: Tales of Demons and Gods, capitulos 284.0-288.5 em muito manga
INFO: 2004099512 - Marcos - Arquivo enviado Tales of Demons and Gods_capitulo_284.0-288.5_Download/2004099512/Tales_of_Demons_and_Gods_capitulo_284.0-288.5_parte_0.cbr.cbr
INFO: 2004099512 - Marcos - Pesquisa manga: tales of demons and gods
INFO: 2004099512 - Marcos - Manga escolhido: Tales of Demons and Gods
INFO: 2004099512 - Marcos - Download manga: Tales of Demons and Gods, capitulos 289-293.5 em muito manga
INFO: 2004099512 - Marcos - Download manga: Tales of Demons and Gods, capitulos 289.0-293.5 em muito manga
INFO: 2004099512 - Marcos - Arquivo enviado Tales of Demons and Gods_capitulo_289.0-293.5_Download/2004099512/Tales_of_Demons_and_Gods_capitulo_289.0-293.5_parte_0.cbr.cbr
INFO: 2004099512 - Marcos - Pesquisa manga: tales of demons and gods
INFO: 2004099512 - Marcos - Manga escolhido: Tales of Demons and Gods
INFO: 2004099512 - Marcos - Download manga: Tales of Demons and Gods, capitulos 294-298.5 em muito manga
INFO: 2004099512 - Marcos - Download manga: Tales of Demons and Gods, capitulos 294.0-298.5 em muito manga
INFO: 2004099512 - Marcos - Arquivo enviado Tales of Demons and Gods_capitulo_294.0-298.5_Download/2004099512/Tales_of_Demons_and_Gods_capitulo_294.0-298.5_parte_0.cbr.cbr
INFO: 2004099512 - Marcos - Pesquisa manga: tales of demons and gods
INFO: 2004099512 - Marcos - Manga escolhido: Tales of Demons and Gods
INFO: 2004099512 - Marcos - Download manga: Tales of Demons and Gods, capitulos 299-303.5 em muito manga
INFO: 2004099512 - Marcos - Download manga: Tales of Demons and Gods, capitulos 299.0-303.5 em muito manga
INFO: 2004099512 - Marcos - Arquivo enviado Tales of Demons and Gods_capitulo_299.0-303.5_Download/2004099512/Tales_of_Demons_and_Gods_capitulo_299.0-303.5_parte_0.cbr.cbr
INFO: 2004099512 - Marcos - Pesquisa manga: tales of demons and gods
INFO: 2004099512 - Marcos - Manga escolhido: Tales of Demons and Gods
INFO: 2004099512 - Marcos - Download manga: Tales of Demons and Gods, capitulos 304-308.5 em muito manga
INFO: 2004099512 - Marcos - Download manga: Tales of Demons and Gods, capitulos 304.0-308.5 em muito manga
INFO: 2004099512 - Marcos - Arquivo enviado Tales of Demons and Gods_capitulo_304.0-308.5_Download/2004099512/Tales_of_Demons_and_Gods_capitulo_304.0-308.5_parte_0.cbr.cbr
INFO: 769723764 - Christian - Pesquisa manga: mashle
INFO: 769723764 - Christian - Manga escolhido: Mashle
INFO: 769723764 - Christian - Download manga: Mashle, capitulos 141 142 em mangayabu
INFO: 769723764 - Christian - Download manga: Mashle, capitulos 141.0-142.0 em mangayabu
INFO: 769723764 - Christian - Arquivo enviado Mashle_capitulo_141.0-142.0_Download/769723764/Mashle_capitulo_141.0-142.0_parte_0.cbr.cbr
INFO: 2004099512 - Marcos - Pesquisa manga: tales of demons and gods
INFO: 2004099512 - Marcos - Manga escolhido: Tales of Demons and Gods
INFO: 2004099512 - Marcos - Download manga: Tales of Demons and Gods, capitulos 309-313.5 em muito manga
INFO: 2004099512 - Marcos - Download manga: Tales of Demons and Gods, capitulos 309.0-313.5 em muito manga
INFO: 2004099512 - Marcos - Arquivo enviado Tales of Demons and Gods_capitulo_309.0-313.5_Download/2004099512/Tales_of_Demons_and_Gods_capitulo_309.0-313.5_parte_0.cbr.cbr
INFO: 2004099512 - Marcos - Pesquisa manga: tales of demons and gods
INFO: 2004099512 - Marcos - Manga escolhido: Tales of Demons and Gods
INFO: 2004099512 - Marcos - Download manga: Tales of Demons and Gods, capitulos 309-313.5 em muito manga
INFO: 2004099512 - Marcos - Download manga: Tales of Demons and Gods, capitulos 309.0-313.5 em muito manga
INFO: 2004099512 - Marcos - Arquivo enviado Tales of Demons and Gods_capitulo_309.0-313.5_Download/2004099512/Tales_of_Demons_and_Gods_capitulo_309.0-313.5_parte_0.cbr.cbr
INFO: 769723764 - Christian - Pesquisa manga: zelda
INFO: 769723764 - Christian - Manga escolhido: The Legend of Zelda Breath of the Wild - Why does BotW Link cross-dress
INFO: 769723764 - Christian - Download manga: The Legend of Zelda Breath of the Wild - Why does BotW Link cross-dress, capitulos 1 em mangayabu
INFO: 769723764 - Christian - Download manga: The Legend of Zelda Breath of the Wild - Why does BotW Link cross-dress, capitulos 1.0-1.0 em mangayabu
INFO: 769723764 - Christian - Arquivo enviado The Legend of Zelda Breath of the Wild - Why does BotW Link cross-dress_capitulo_1.0-1.0_Download/769723764/The_Legend_of_Zelda_Breath_of_the_Wild_-_Why_does_BotW_Link_cross-dress_capitulo_1.0-1.0_parte_0.cbr.cbr
INFO: 769723764 - Christian - Pesquisa manga: one punch
INFO: 769723764 - Christian - Manga escolhido: One Punch-Man
INFO: 769723764 - Christian - Download manga: One Punch-Man, capitulos 214 em mangayabu
INFO: 769723764 - Christian - Download manga: One Punch-Man, capitulos 214.0-214.0 em mangayabu
INFO: 769723764 - Christian - Arquivo enviado One Punch-Man_capitulo_214.0-214.0_Download/769723764/One_Punch-Man_capitulo_214.0-214.0_parte_0.cbr.cbr
INFO: 769723764 - Christian - Pesquisa manga: one punch
INFO: 769723764 - Christian - Manga escolhido: One Punch-Man
INFO: 769723764 - Christian - Download manga: One Punch-Man, capitulos 215 em mangayabu
INFO: 769723764 - Christian - Download manga: One Punch-Man, capitulos 215.0-215.0 em mangayabu
INFO: 769723764 - Christian - Arquivo enviado One Punch-Man_capitulo_215.0-215.0_Download/769723764/One_Punch-Man_capitulo_215.0-215.0_parte_0.cbr.cbr
INFO: 769723764 - Christian - Pesquisa manga: solo leveling
INFO: 769723764 - Christian - Manga escolhido: Solo Leveling
INFO: 769723764 - Christian - Download manga: Solo Leveling, capitulos 179 186 em mangayabu
INFO: 769723764 - Christian - Download manga: Solo Leveling, capitulos 179.0-186.0 em mangayabu
INFO: 769723764 - Christian - Arquivo enviado Solo Leveling_capitulo_179.0-186.0_Download/769723764/Solo_Leveling_capitulo_179.0-186.0_parte_2.cbr.cbr
INFO: 1850253243 - Good - Pesquisa manga: la estrella de un gobernante supremo/
ERRO: 1850253243 - Good - Manga não encontrado: la estrella de un gobernante supremo/
INFO: 1850253243 - Good - Pesquisa manga: la estrella de un gobernante supremo
ERRO: 1850253243 - Good - Manga não encontrado: la estrella de un gobernante supremo
INFO: 1850253243 - Good - Pesquisa manga: goblin slayer
INFO: 6010263399 - Puna.m - Pesquisa manga: /ajuda
ERRO: 6010263399 - Puna.m - Manga não encontrado: /ajuda
INFO: 120247816 - soheila - Pesquisa manga: /buscar
ERRO: 120247816 - soheila - Manga não encontrado: /buscar
INFO: 5610053085 - Cris - Pesquisa manga: solo leveling
INFO: 5610053085 - Cris - Manga escolhido: Solo Leveling (Novel)
INFO: 5610053085 - Cris - Download manga: Solo Leveling (Novel), capitulos /buscar em mangayabu
INFO: 769723764 - Christian - Pesquisa manga: mashle
INFO: 769723764 - Christian - Manga escolhido: Mashle Magic and Muscles
INFO: 769723764 - Christian - Download manga: Mashle Magic and Muscles, capitulos 145 em scanlator
INFO: 769723764 - Christian - Download manga: Mashle Magic and Muscles, capitulos 145.0-145.0 em scanlator
INFO: 769723764 - Christian - Arquivo enviado Mashle Magic and Muscles_capitulo_145.0-145.0_Download/769723764/Mashle_Magic_and_Muscles_capitulo_145.0-145.0_parte_1.cbr.cbr
INFO: 1616898626 - -.- - Pesquisa manga: shumatsu no vakryie
INFO: 95524464 - hesam - Pesquisa manga: https://t.me/+kactr_wsoza4ndm0
INFO: 1787123092 - ... - Pesquisa manga: /baixar
INFO: 1787123092 - ... - Pesquisa manga: ominicient
INFO: 1787123092 - ... - Pesquisa manga: omniscient reader's viewpoint
INFO: 769723764 - Christian - Pesquisa manga: one punch
INFO: 769723764 - Christian - Pesquisa manga: mashle
INFO: 769723764 - Christian - Pesquisa manga: ashle
INFO: 769723764 - Christian - Pesquisa manga: ashle
INFO: 769723764 - Christian - Manga escolhido: Ler Manga Mashle
INFO: 769723764 - Christian - Download manga: Ler Manga Mashle, capitulos 143-144 em lermanga
INFO: 769723764 - Christian - Download manga: Ler Manga Mashle, capitulos 143.0-144.0 em lermanga
INFO: 769723764 - Christian - Pesquisa manga: mashle
INFO: 769723764 - Christian - Manga escolhido: Mashle Magic and Muscles
INFO: 769723764 - Christian - Download manga: Mashle Magic and Muscles, capitulos 144-145 em scanlator
INFO: 769723764 - Christian - Download manga: Mashle Magic and Muscles, capitulos 144.0-145.0 em scanlator
INFO: 769723764 - Christian - Pesquisa manga: mashle
INFO: 769723764 - Christian - Manga escolhido: Mashle Magic and Muscles
INFO: 769723764 - Christian - Download manga: Mashle Magic and Muscles, capitulos 145 em scanlator
INFO: 769723764 - Christian - Download manga: Mashle Magic and Muscles, capitulos 145.0-145.0 em scanlator
INFO: 769723764 - Christian - Pesquisa manga: mashle
INFO: 769723764 - Christian - Manga escolhido: Mashle Magic and Muscles
INFO: 769723764 - Christian - Download manga: Mashle Magic and Muscles, capitulos 145 em scanlator
INFO: 769723764 - Christian - Download manga: Mashle Magic and Muscles, capitulos 145.0-145.0 em scanlator
ERROR: Erro ao enviar o arquivo: [Errno 2] No such file or directory: 'Download\\769723764\\Mashle Magic and Muscles_capitulo_145.0-145.0.cbr'
INFO: 769723764 - Christian - Pesquisa manga: mashle
INFO: 769723764 - Christian - Manga escolhido: Mashle
INFO: 769723764 - Christian - Download manga: Mashle, capitulos 145 em muito manga
INFO: 769723764 - Christian - Download manga: Mashle, capitulos 145.0-145.0 em muito manga
ERROR: Erro ao enviar o arquivo: [Errno 2] No such file or directory: 'Download\\769723764\\Mashle_capitulo_145.0-145.0.cbr'
INFO: 769723764 - Christian - Pesquisa manga: mashle
INFO: 769723764 - Christian - Manga escolhido: Mashle
INFO: 769723764 - Christian - Download manga: Mashle, capitulos 145 em muito manga
INFO: 769723764 - Christian - Download manga: Mashle, capitulos 145.0-145.0 em muito manga
ERROR: Erro ao enviar o arquivo: [Errno 2] No such file or directory: 'Download\\769723764\\Mashle_capitulo_145.0-145.0.cbr'
INFO: 769723764 - Christian - Pesquisa manga: mashle
INFO: 769723764 - Christian - Manga escolhido: Mashle
INFO: 769723764 - Christian - Download manga: Mashle, capitulos 144 em muito manga
INFO: 769723764 - Christian - Download manga: Mashle, capitulos 144.0-144.0 em muito manga
ERROR: Erro ao enviar o arquivo: [Errno 2] No such file or directory: 'Download\\769723764\\Mashle_capitulo_144.0-144.0.cbr'
INFO: 769723764 - Christian - Pesquisa manga: mashle
INFO: 769723764 - Christian - Manga escolhido: Mashle
INFO: 769723764 - Christian - Download manga: Mashle, capitulos 145 em muito manga
INFO: 769723764 - Christian - Download manga: Mashle, capitulos 145.0-145.0 em muito manga
INFO: 769723764 - Christian - Arquivo enviado Mashle_capitulo_145.0-145.0_Download/769723764/Mashle_capitulo_145.0-145.0_parte_0.cbr.cbr
INFO: 769723764 - Christian - Pesquisa manga: mashle
INFO: 769723764 - Christian - Manga escolhido: Mashle Magic and Muscles
INFO: 769723764 - Christian - Download manga: Mashle Magic and Muscles, capitulos 145 em scanlator
INFO: 769723764 - Christian - Download manga: Mashle Magic and Muscles, capitulos 145.0-145.0 em scanlator
INFO: 769723764 - Christian - Arquivo enviado Mashle Magic and Muscles_capitulo_145.0-145.0_Download/769723764/Mashle_Magic_and_Muscles_capitulo_145.0-145.0_parte_1.cbr.cbr
INFO: 769723764 - Christian - Pesquisa manga: mashle
INFO: 769723764 - Christian - Manga escolhido: Mashle
INFO: 769723764 - Christian - Pesquisa manga: mashle
INFO: 769723764 - Christian - Manga escolhido: Mashle: Magic and Muscles
INFO: 769723764 - Christian - Download manga: Mashle: Magic and Muscles, capitulos 143 em union
INFO: 769723764 - Christian - Download manga: Mashle: Magic and Muscles, capitulos 143.0-143.0 em union
INFO: 769723764 - Christian - Pesquisa manga: mashle
INFO: 769723764 - Christian - Manga escolhido: Mashle: Magic and Muscles
INFO: 769723764 - Christian - Download manga: Mashle: Magic and Muscles, capitulos 143 em union
INFO: 769723764 - Christian - Download manga: Mashle: Magic and Muscles, capitulos 143.0-143.0 em union
INFO: 769723764 - Christian - Pesquisa manga: mashle
INFO: 769723764 - Christian - Manga escolhido: Mashle: Magic and Muscles
INFO: 769723764 - Christian - Download manga: Mashle: Magic and Muscles, capitulos 143 em union
INFO: 769723764 - Christian - Download manga: Mashle: Magic and Muscles, capitulos 143.0-143.0 em union
INFO: 769723764 - Christian - Pesquisa manga: mashle
INFO: 769723764 - Christian - Manga escolhido: Mashle: Magic and Muscles
INFO: 769723764 - Christian - Download manga: Mashle: Magic and Muscles, capitulos 140 em union
INFO: 769723764 - Christian - Download manga: Mashle: Magic and Muscles, capitulos 140.0-140.0 em union